<?xml version="1.0" encoding="UTF-8"?>
<!-- Generated by org.testng.reporters.JUnitReportReporter -->
<testsuite hostname="Keshav" failures="0" tests="2" name="NGTest.NewTest" time="0.008" errors="0" timestamp="2024-04-12T11:52:14 IST" skipped="0">
  <testcase classname="NGTest.NewTest" name="f" time="0.003"/>
  <system-out/>
  <testcase classname="NGTest.NewTest" name="f" time="0.005"/>
  <system-out/>
</testsuite> <!-- NGTest.NewTest -->
